<?xml version="1.0" encoding="UTF-8"?>
<testsuite name="com.ipiecoles.java.java230.model.EmployeTest" time="0.188" tests="3" errors="0" skipped="0" failures="3">
  <properties>
[...]
</properties>
  <testcase name="exo102testEntity" classname="com.ipiecoles.java.java230.model.EmployeTest" time="0.149">
    <failure message="expected:&lt;[tru]e&gt; but was:&lt;[fals]e&gt;" type="org.junit.ComparisonFailure"><![CDATA[org.junit.ComparisonFailure: expected:<[tru]e> but was:<[fals]e>
	at sun.reflect.NativeConstructorAccessorImpl.newInstance0(Native Method)
	at sun.reflect.NativeConstructorAccessorImpl.newInstance(NativeConstructorAccessorImpl.java:62)
	at sun.reflect.DelegatingConstructorAccessorImpl.newInstance(DelegatingConstructorAccessorImpl.java:45)
	at com.ipiecoles.java.java230.model.EmployeTest.exo102testEntity(EmployeTest.java:21)
]]></failure>
  </testcase>
  <testcase name="exo501testEntity" classname="com.ipiecoles.java.java230.model.EmployeTest" time="0.038">
    <failure message="[La classe com.ipiecoles.java.java230.model.Employe n&apos;a pas l&apos;annotation Entity] expected:&lt;[tru]e&gt; but was:&lt;[fals]e&gt;" type="org.junit.ComparisonFailure"><![CDATA[org.junit.ComparisonFailure: [La classe com.ipiecoles.java.java230.model.Employe n'a pas l'annotation Entity] expected:<[tru]e> but was:<[fals]e>
	at sun.reflect.NativeConstructorAccessorImpl.newInstance0(Native Method)
	at sun.reflect.NativeConstructorAccessorImpl.newInstance(NativeConstructorAccessorImpl.java:62)
	at sun.reflect.DelegatingConstructorAccessorImpl.newInstance(DelegatingConstructorAccessorImpl.java:45)
	at com.ipiecoles.java.java230.utils.TestUtils.checkAnnotation(TestUtils.java:336)
	at com.ipiecoles.java.java230.model.EmployeTest.exo501testEntity(EmployeTest.java:29)
]]></failure>
  </testcase>
  <testcase name="exo101testEntity" classname="com.ipiecoles.java.java230.model.EmployeTest" time="0.001">
    <failure message="[La classe com.ipiecoles.java.java230.model.Employe n&apos;a pas l&apos;annotation Entity] expected:&lt;[tru]e&gt; but was:&lt;[fals]e&gt;" type="org.junit.ComparisonFailure"><![CDATA[org.junit.ComparisonFailure: [La classe com.ipiecoles.java.java230.model.Employe n'a pas l'annotation Entity] expected:<[tru]e> but was:<[fals]e>
	at sun.reflect.NativeConstructorAccessorImpl.newInstance0(Native Method)
	at sun.reflect.NativeConstructorAccessorImpl.newInstance(NativeConstructorAccessorImpl.java:62)
	at sun.reflect.DelegatingConstructorAccessorImpl.newInstance(DelegatingConstructorAccessorImpl.java:45)
	at com.ipiecoles.java.java230.utils.TestUtils.checkAnnotation(TestUtils.java:336)
	at com.ipiecoles.java.java230.model.EmployeTest.exo101testEntity(EmployeTest.java:14)
]]></failure>
  </testcase>
</testsuite>