<?xml version="1.0" encoding="UTF-8"?>
<testsuite name="com.ipiecoles.java.java230.repository.EmployeRepositoryTest" time="0" tests="10" errors="10" skipped="0" failures="0">
  <properties>
[...]
</properties>
  <testcase name="exo404testNatif" classname="com.ipiecoles.java.java230.repository.EmployeRepositoryTest" time="0">
    <error message="com.ipiecoles.java.java230.repository.EmployeRepository" type="java.lang.ClassNotFoundException">java.lang.ClassNotFoundException: com.ipiecoles.java.java230.repository.EmployeRepository
	at java.net.URLClassLoader.findClass(URLClassLoader.java:381)
	at java.lang.ClassLoader.loadClass(ClassLoader.java:424)
	at sun.misc.Launcher$AppClassLoader.loadClass(Launcher.java:338)
	at java.lang.ClassLoader.loadClass(ClassLoader.java:357)
	at java.lang.Class.forName0(Native Method)
	at java.lang.Class.forName(Class.java:264)
	at com.ipiecoles.java.java230.utils.TestUtils.getClasse(TestUtils.java:165)
	at com.ipiecoles.java.java230.utils.TestUtils.checkMethod(TestUtils.java:151)
	at com.ipiecoles.java.java230.repository.EmployeRepositoryTest.exo404testNatif(EmployeRepositoryTest.java:112)
</error>
  </testcase>
  <testcase name="exo403testJpql" classname="com.ipiecoles.java.java230.repository.EmployeRepositoryTest" time="0">
    <error message="com.ipiecoles.java.java230.repository.EmployeRepository" type="java.lang.ClassNotFoundException">java.lang.ClassNotFoundException: com.ipiecoles.java.java230.repository.EmployeRepository
	at java.net.URLClassLoader.findClass(URLClassLoader.java:381)
	at java.lang.ClassLoader.loadClass(ClassLoader.java:424)
	at sun.misc.Launcher$AppClassLoader.loadClass(Launcher.java:338)
	at java.lang.ClassLoader.loadClass(ClassLoader.java:357)
	at java.lang.Class.forName0(Native Method)
	at java.lang.Class.forName(Class.java:264)
	at com.ipiecoles.java.java230.utils.TestUtils.getClasse(TestUtils.java:165)
	at com.ipiecoles.java.java230.utils.TestUtils.checkMethod(TestUtils.java:151)
	at com.ipiecoles.java.java230.repository.EmployeRepositoryTest.exo403testJpql(EmployeRepositoryTest.java:97)
</error>
  </testcase>
  <testcase name="exo201testCrudRepository" classname="com.ipiecoles.java.java230.repository.EmployeRepositoryTest" time="0">
    <error message="com.ipiecoles.java.java230.repository.EmployeRepository" type="java.lang.ClassNotFoundException">java.lang.ClassNotFoundException: com.ipiecoles.java.java230.repository.EmployeRepository
	at java.net.URLClassLoader.findClass(URLClassLoader.java:381)
	at java.lang.ClassLoader.loadClass(ClassLoader.java:424)
	at sun.misc.Launcher$AppClassLoader.loadClass(Launcher.java:338)
	at java.lang.ClassLoader.loadClass(ClassLoader.java:357)
	at java.lang.Class.forName0(Native Method)
	at java.lang.Class.forName(Class.java:264)
	at com.ipiecoles.java.java230.utils.TestUtils.getClasse(TestUtils.java:165)
	at com.ipiecoles.java.java230.utils.TestUtils.checkImplementInterface(TestUtils.java:389)
	at com.ipiecoles.java.java230.repository.EmployeRepositoryTest.exo201testCrudRepository(EmployeRepositoryTest.java:15)
</error>
  </testcase>
  <testcase name="exo411testRequete" classname="com.ipiecoles.java.java230.repository.EmployeRepositoryTest" time="0">
    <error message="com.ipiecoles.java.java230.repository.EmployeRepository" type="java.lang.ClassNotFoundException">java.lang.ClassNotFoundException: com.ipiecoles.java.java230.repository.EmployeRepository
	at java.net.URLClassLoader.findClass(URLClassLoader.java:381)
	at java.lang.ClassLoader.loadClass(ClassLoader.java:424)
	at sun.misc.Launcher$AppClassLoader.loadClass(Launcher.java:338)
	at java.lang.ClassLoader.loadClass(ClassLoader.java:357)
	at java.lang.Class.forName0(Native Method)
	at java.lang.Class.forName(Class.java:264)
	at com.ipiecoles.java.java230.utils.TestUtils.getClasse(TestUtils.java:165)
	at com.ipiecoles.java.java230.utils.TestUtils.checkMethod(TestUtils.java:151)
	at com.ipiecoles.java.java230.repository.EmployeRepositoryTest.exo411testRequete(EmployeRepositoryTest.java:24)
</error>
  </testcase>
  <testcase name="exo412testRequete" classname="com.ipiecoles.java.java230.repository.EmployeRepositoryTest" time="0">
    <error message="com.ipiecoles.java.java230.repository.EmployeRepository" type="java.lang.ClassNotFoundException">java.lang.ClassNotFoundException: com.ipiecoles.java.java230.repository.EmployeRepository
	at java.net.URLClassLoader.findClass(URLClassLoader.java:381)
	at java.lang.ClassLoader.loadClass(ClassLoader.java:424)
	at sun.misc.Launcher$AppClassLoader.loadClass(Launcher.java:338)
	at java.lang.ClassLoader.loadClass(ClassLoader.java:357)
	at java.lang.Class.forName0(Native Method)
	at java.lang.Class.forName(Class.java:264)
	at com.ipiecoles.java.java230.utils.TestUtils.getClasse(TestUtils.java:165)
	at com.ipiecoles.java.java230.utils.TestUtils.checkMethod(TestUtils.java:151)
	at com.ipiecoles.java.java230.repository.EmployeRepositoryTest.exo412testRequete(EmployeRepositoryTest.java:34)
</error>
  </testcase>
  <testcase name="exo413testRequete" classname="com.ipiecoles.java.java230.repository.EmployeRepositoryTest" time="0">
    <error message="com.ipiecoles.java.java230.repository.EmployeRepository" type="java.lang.ClassNotFoundException">java.lang.ClassNotFoundException: com.ipiecoles.java.java230.repository.EmployeRepository
	at java.net.URLClassLoader.findClass(URLClassLoader.java:381)
	at java.lang.ClassLoader.loadClass(ClassLoader.java:424)
	at sun.misc.Launcher$AppClassLoader.loadClass(Launcher.java:338)
	at java.lang.ClassLoader.loadClass(ClassLoader.java:357)
	at java.lang.Class.forName0(Native Method)
	at java.lang.Class.forName(Class.java:264)
	at com.ipiecoles.java.java230.utils.TestUtils.getClasse(TestUtils.java:165)
	at com.ipiecoles.java.java230.utils.TestUtils.checkMethod(TestUtils.java:151)
	at com.ipiecoles.java.java230.repository.EmployeRepositoryTest.exo413testRequete(EmployeRepositoryTest.java:44)
</error>
  </testcase>
  <testcase name="exo414testRequete" classname="com.ipiecoles.java.java230.repository.EmployeRepositoryTest" time="0">
    <error message="com.ipiecoles.java.java230.repository.EmployeRepository" type="java.lang.ClassNotFoundException">java.lang.ClassNotFoundException: com.ipiecoles.java.java230.repository.EmployeRepository
	at java.net.URLClassLoader.findClass(URLClassLoader.java:381)
	at java.lang.ClassLoader.loadClass(ClassLoader.java:424)
	at sun.misc.Launcher$AppClassLoader.loadClass(Launcher.java:338)
	at java.lang.ClassLoader.loadClass(ClassLoader.java:357)
	at java.lang.Class.forName0(Native Method)
	at java.lang.Class.forName(Class.java:264)
	at com.ipiecoles.java.java230.utils.TestUtils.getClasse(TestUtils.java:165)
	at com.ipiecoles.java.java230.utils.TestUtils.checkMethod(TestUtils.java:151)
	at com.ipiecoles.java.java230.repository.EmployeRepositoryTest.exo414testRequete(EmployeRepositoryTest.java:54)
</error>
  </testcase>
  <testcase name="exo415testRequete" classname="com.ipiecoles.java.java230.repository.EmployeRepositoryTest" time="0">
    <error message="com.ipiecoles.java.java230.repository.EmployeRepository" type="java.lang.ClassNotFoundException">java.lang.ClassNotFoundException: com.ipiecoles.java.java230.repository.EmployeRepository
	at java.net.URLClassLoader.findClass(URLClassLoader.java:381)
	at java.lang.ClassLoader.loadClass(ClassLoader.java:424)
	at sun.misc.Launcher$AppClassLoader.loadClass(Launcher.java:338)
	at java.lang.ClassLoader.loadClass(ClassLoader.java:357)
	at java.lang.Class.forName0(Native Method)
	at java.lang.Class.forName(Class.java:264)
	at com.ipiecoles.java.java230.utils.TestUtils.getClasse(TestUtils.java:165)
	at com.ipiecoles.java.java230.utils.TestUtils.checkMethod(TestUtils.java:151)
	at com.ipiecoles.java.java230.repository.EmployeRepositoryTest.exo415testRequete(EmployeRepositoryTest.java:64)
</error>
  </testcase>
  <testcase name="exo416testRequete" classname="com.ipiecoles.java.java230.repository.EmployeRepositoryTest" time="0">
    <error message="com.ipiecoles.java.java230.repository.EmployeRepository" type="java.lang.ClassNotFoundException">java.lang.ClassNotFoundException: com.ipiecoles.java.java230.repository.EmployeRepository
	at java.net.URLClassLoader.findClass(URLClassLoader.java:381)
	at java.lang.ClassLoader.loadClass(ClassLoader.java:424)
	at sun.misc.Launcher$AppClassLoader.loadClass(Launcher.java:338)
	at java.lang.ClassLoader.loadClass(ClassLoader.java:357)
	at java.lang.Class.forName0(Native Method)
	at java.lang.Class.forName(Class.java:264)
	at com.ipiecoles.java.java230.utils.TestUtils.getClasse(TestUtils.java:165)
	at com.ipiecoles.java.java230.utils.TestUtils.checkMethod(TestUtils.java:151)
	at com.ipiecoles.java.java230.repository.EmployeRepositoryTest.exo416testRequete(EmployeRepositoryTest.java:74)
</error>
  </testcase>
  <testcase name="exo402testPaging" classname="com.ipiecoles.java.java230.repository.EmployeRepositoryTest" time="0">
    <error message="com.ipiecoles.java.java230.repository.EmployeRepository" type="java.lang.ClassNotFoundException">java.lang.ClassNotFoundException: com.ipiecoles.java.java230.repository.EmployeRepository
	at java.net.URLClassLoader.findClass(URLClassLoader.java:381)
	at java.lang.ClassLoader.loadClass(ClassLoader.java:424)
	at sun.misc.Launcher$AppClassLoader.loadClass(Launcher.java:338)
	at java.lang.ClassLoader.loadClass(ClassLoader.java:357)
	at java.lang.Class.forName0(Native Method)
	at java.lang.Class.forName(Class.java:264)
	at com.ipiecoles.java.java230.utils.TestUtils.getClasse(TestUtils.java:165)
	at com.ipiecoles.java.java230.utils.TestUtils.checkImplementInterface(TestUtils.java:389)
	at com.ipiecoles.java.java230.repository.EmployeRepositoryTest.exo402testPaging(EmployeRepositoryTest.java:80)
</error>
  </testcase>
</testsuite>